<?xml version="1.0" encoding="UTF-8"?>
<!-- Generated by org.testng.reporters.JUnitXMLReporter -->
<testsuite ignored="0" hostname="Sonali-PC" failures="1" tests="1" name="primefaces_Ajax_DropDown" time="16.888" errors="0" timestamp="13 Jan 2020 22:18:55 GMT">
  <testcase classname="com.lean.qa.TestCases.primefacesAjaxDropDownTest" name="testAjaxDropdown" time="1.071">
    <failure type="java.lang.AssertionError" message="USA is not selected expected [null] but found [USA]">
      <![CDATA[java.lang.AssertionError: USA is not selected expected [null] but found [USA]
at com.lean.qa.TestCases.primefacesAjaxDropDownTest.testAjaxDropdown(primefacesAjaxDropDownTest.java:128)
... Removed 30 stack frames]]>
    </failure>
  </testcase> <!-- testAjaxDropdown -->
</testsuite> <!-- primefaces_Ajax_DropDown -->
