<?xml version="1.0" encoding="UTF-8"?>
<!-- Generated by org.testng.reporters.JUnitXMLReporter -->
<testsuite ignored="0" hostname="Sonali-PC" failures="0" tests="2" name="primefaces_DataTable" time="32.283" errors="0" timestamp="13 Jan 2020 22:18:38 GMT">
  <testcase classname="com.lean.qa.TestCases.primefacesDataTableTest" name="testSelectRadioButtonInGrid" time="4.433"/>
  <testcase classname="com.lean.qa.TestCases.primefacesDataTableTest" name="testSelectCheckBoxInGrid" time="4.414"/>
</testsuite> <!-- primefaces_DataTable -->
